# JRE version: OpenJDK Runtime Environment (8.0_232-b09) (build 1.8.0_232-b09)
# Java VM: OpenJDK 64-Bit Server VM (25.232-b09 mixed mode windows-amd64 compressed oops)
Heap:
 PSYoungGen      total 71680K, used 34079K [0x00000000d5900000, 0x00000000da400000, 0x0000000100000000)
  eden space 66560K, 43% used [0x00000000d5900000,0x00000000d754d3d8,0x00000000d9a00000)
  from space 5120K, 99% used [0x00000000d9f00000,0x00000000da3fa890,0x00000000da400000)
  to   space 5120K, 0% used [0x00000000d9a00000,0x00000000d9a00000,0x00000000d9f00000)
 ParOldGen       total 87552K, used 16545K [0x0000000080a00000, 0x0000000085f80000, 0x00000000d5900000)
  object space 87552K, 18% used [0x0000000080a00000,0x0000000081a28590,0x0000000085f80000)
 Metaspace       used 5613K, capacity 5814K, committed 6016K, reserved 1056768K
  class space    used 556K, capacity 597K, committed 640K, reserved 1048576K
GC Heap History (4 events):
Event: 0.209 GC heap before
{Heap before GC invocations=1 (full 0):
 PSYoungGen      total 38400K, used 27038K [0x00000000d5900000, 0x00000000d8380000, 0x0000000100000000)
  eden space 33280K, 81% used [0x00000000d5900000,0x00000000d7367a80,0x00000000d7980000)
  from space 5120K, 0% used [0x00000000d7e80000,0x00000000d7e80000,0x00000000d8380000)
  to   space 5120K, 0% used [0x00000000d7980000,0x00000000d7980000,0x00000000d7e80000)
 ParOldGen       total 87552K, used 0K [0x0000000080a00000, 0x0000000085f80000, 0x00000000d5900000)
  object space 87552K, 0% used [0x0000000080a00000,0x0000000080a00000,0x0000000085f80000)
 Metaspace       used 4198K, capacity 4600K, committed 4864K, reserved 1056768K
  class space    used 413K, capacity 428K, committed 512K, reserved 1048576K
Event: 0.214 GC heap after
Heap after GC invocations=1 (full 0):
 PSYoungGen      total 38400K, used 877K [0x00000000d5900000, 0x00000000da400000, 0x0000000100000000)
  eden space 33280K, 0% used [0x00000000d5900000,0x00000000d5900000,0x00000000d7980000)
  from space 5120K, 17% used [0x00000000d7980000,0x00000000d7a5b620,0x00000000d7e80000)
  to   space 5120K, 0% used [0x00000000d9f00000,0x00000000d9f00000,0x00000000da400000)
 ParOldGen       total 87552K, used 8200K [0x0000000080a00000, 0x0000000085f80000, 0x00000000d5900000)
  object space 87552K, 9% used [0x0000000080a00000,0x0000000081202010,0x0000000085f80000)
 Metaspace       used 4198K, capacity 4600K, committed 4864K, reserved 1056768K
  class space    used 413K, capacity 428K, committed 512K, reserved 1048576K
}
Event: 0.378 GC heap before
{Heap before GC invocations=2 (full 0):
 PSYoungGen      total 38400K, used 33714K [0x00000000d5900000, 0x00000000da400000, 0x0000000100000000)
  eden space 33280K, 98% used [0x00000000d5900000,0x00000000d79115a8,0x00000000d7980000)
  from space 5120K, 17% used [0x00000000d7980000,0x00000000d7a5b620,0x00000000d7e80000)
  to   space 5120K, 0% used [0x00000000d9f00000,0x00000000d9f00000,0x00000000da400000)
 ParOldGen       total 87552K, used 8200K [0x0000000080a00000, 0x0000000085f80000, 0x00000000d5900000)
  object space 87552K, 9% used [0x0000000080a00000,0x0000000081202010,0x0000000085f80000)
 Metaspace       used 5609K, capacity 5814K, committed 6016K, reserved 1056768K
  class space    used 556K, capacity 597K, committed 640K, reserved 1048576K
Event: 0.386 GC heap after
Heap after GC invocations=2 (full 0):
 PSYoungGen      total 71680K, used 5098K [0x00000000d5900000, 0x00000000da400000, 0x0000000100000000)
  eden space 66560K, 0% used [0x00000000d5900000,0x00000000d5900000,0x00000000d9a00000)
  from space 5120K, 99% used [0x00000000d9f00000,0x00000000da3fa890,0x00000000da400000)
  to   space 5120K, 0% used [0x00000000d9a00000,0x00000000d9a00000,0x00000000d9f00000)
 ParOldGen       total 87552K, used 16545K [0x0000000080a00000, 0x0000000085f80000, 0x00000000d5900000)
  object space 87552K, 18% used [0x0000000080a00000,0x0000000081a28590,0x0000000085f80000)
 Metaspace       used 5609K, capacity 5814K, committed 6016K, reserved 1056768K
  class space    used 556K, capacity 597K, committed 640K, reserved 1048576K
}

